2025-07-23 00:57:05,108 - WARNING - OpenOcean quote failed: HTTPSConnectionPool(host='open-api.openocean.finance', port=443): Read timed out. (read timeout=10)
2025-07-23 00:57:05,177 - WARNING - OpenOcean quote failed: HTTPSConnectionPool(host='open-api.openocean.finance', port=443): Read timed out. (read timeout=10)
2025-07-23 00:57:16,607 - WARNING - 1inch price fetch failed: 'bnb'
2025-07-23 00:57:16,607 - WARNING - OpenOcean quote failed: 'bnb'
2025-07-23 00:57:16,607 - WARNING - 1inch price fetch failed: 'sol'
2025-07-23 00:57:16,607 - WARNING - OpenOcean quote failed: 'sol'
2025-07-23 00:57:16,607 - WARNING - 1inch price fetch failed: 'xrp'
2025-07-23 00:57:16,607 - WARNING - OpenOcean quote failed: 'xrp'
2025-07-23 00:57:16,607 - WARNING - 1inch price fetch failed: 'doge'
2025-07-23 00:57:16,607 - WARNING - OpenOcean quote failed: 'doge'
2025-07-23 00:57:16,607 - WARNING - 1inch price fetch failed: 'ada'
2025-07-23 00:57:16,607 - WARNING - OpenOcean quote failed: 'ada'
2025-07-23 00:57:16,725 - WARNING - 1inch price fetch failed: 'bnb'
2025-07-23 00:57:16,725 - WARNING - OpenOcean quote failed: 'bnb'
2025-07-23 00:57:16,725 - WARNING - 1inch price fetch failed: 'sol'
2025-07-23 00:57:16,725 - WARNING - OpenOcean quote failed: 'sol'
2025-07-23 00:57:16,725 - WARNING - 1inch price fetch failed: 'xrp'
2025-07-23 00:57:16,725 - WARNING - OpenOcean quote failed: 'xrp'
2025-07-23 00:57:16,725 - WARNING - 1inch price fetch failed: 'doge'
2025-07-23 00:57:16,725 - WARNING - OpenOcean quote failed: 'doge'
2025-07-23 00:57:16,725 - WARNING - 1inch price fetch failed: 'ada'
2025-07-23 00:57:16,725 - WARNING - OpenOcean quote failed: 'ada'
2025-07-23 00:57:22,848 - WARNING - OpenOcean quote failed: unsupported operand type(s) for *: 'float' and 'decimal.Decimal'
2025-07-23 00:57:27,522 - WARNING - OpenOcean quote failed: unsupported operand type(s) for *: 'float' and 'decimal.Decimal'
2025-07-23 00:57:29,326 - WARNING - OpenOcean quote failed: unsupported operand type(s) for *: 'float' and 'decimal.Decimal'
2025-07-23 00:58:27,732 - WARNING - 1inch price fetch failed: 'bnb'
2025-07-23 00:58:27,732 - WARNING - 1inch price fetch failed: 'bnb'
2025-07-23 00:58:27,732 - WARNING - OpenOcean quote failed: 'bnb'
2025-07-23 00:58:27,732 - WARNING - OpenOcean quote failed: 'bnb'
2025-07-23 00:58:27,732 - WARNING - 1inch price fetch failed: 'sol'
2025-07-23 00:58:27,733 - WARNING - 1inch price fetch failed: 'sol'
2025-07-23 00:58:27,733 - WARNING - OpenOcean quote failed: 'sol'
2025-07-23 00:58:27,733 - WARNING - OpenOcean quote failed: 'sol'
2025-07-23 00:58:27,733 - WARNING - 1inch price fetch failed: 'xrp'
2025-07-23 00:58:27,733 - WARNING - 1inch price fetch failed: 'xrp'
2025-07-23 00:58:27,733 - WARNING - OpenOcean quote failed: 'xrp'
2025-07-23 00:58:27,733 - WARNING - OpenOcean quote failed: 'xrp'
2025-07-23 00:58:27,733 - WARNING - 1inch price fetch failed: 'doge'
2025-07-23 00:58:27,733 - WARNING - 1inch price fetch failed: 'doge'
2025-07-23 00:58:27,733 - WARNING - OpenOcean quote failed: 'doge'
2025-07-23 00:58:27,733 - WARNING - OpenOcean quote failed: 'doge'
2025-07-23 00:58:27,733 - WARNING - 1inch price fetch failed: 'ada'
2025-07-23 00:58:27,733 - WARNING - 1inch price fetch failed: 'ada'
2025-07-23 00:58:27,733 - WARNING - OpenOcean quote failed: 'ada'
2025-07-23 00:58:27,733 - WARNING - OpenOcean quote failed: 'ada'
